nohup: ignoring input
2018-05-21 16:54:05.811485: I tensorflow/stream_executor/cuda/cuda_gpu_executor.cc:901] successful NUMA node read from SysFS had negative value (-1), but there must be at least one NUMA node, so returning NUMA node zero
2018-05-21 16:54:05.813455: I tensorflow/core/common_runtime/gpu/gpu_device.cc:1356] Found device 0 with properties: 
name: TITAN Xp COLLECTORS EDITION major: 6 minor: 1 memoryClockRate(GHz): 1.911
pciBusID: 0000:01:00.0
totalMemory: 11.90GiB freeMemory: 11.73GiB
2018-05-21 16:54:05.903644: I tensorflow/stream_executor/cuda/cuda_gpu_executor.cc:901] successful NUMA node read from SysFS had negative value (-1), but there must be at least one NUMA node, so returning NUMA node zero
2018-05-21 16:54:05.904972: I tensorflow/core/common_runtime/gpu/gpu_device.cc:1356] Found device 1 with properties: 
name: GeForce GTX 750 Ti major: 5 minor: 0 memoryClockRate(GHz): 1.0845
pciBusID: 0000:07:00.0
totalMemory: 1.95GiB freeMemory: 1.52GiB
2018-05-21 16:54:05.917782: I tensorflow/core/common_runtime/gpu/gpu_device.cc:1435] Adding visible gpu devices: 0, 1
2018-05-21 16:54:11.574077: I tensorflow/core/common_runtime/gpu/gpu_device.cc:923] Device interconnect StreamExecutor with strength 1 edge matrix:
2018-05-21 16:54:11.574154: I tensorflow/core/common_runtime/gpu/gpu_device.cc:929]      0 1 
2018-05-21 16:54:11.574186: I tensorflow/core/common_runtime/gpu/gpu_device.cc:942] 0:   N N 
2018-05-21 16:54:11.574201: I tensorflow/core/common_runtime/gpu/gpu_device.cc:942] 1:   N N 
2018-05-21 16:54:11.575253: I tensorflow/core/common_runtime/gpu/gpu_device.cc:1053] Created TensorFlow device (/job:localhost/replica:0/task:0/device:GPU:0 with 11361 MB memory) -> physical GPU (device: 0, name: TITAN Xp COLLECTORS EDITION, pci bus id: 0000:01:00.0, compute capability: 6.1)
2018-05-21 16:54:11.577282: I tensorflow/core/common_runtime/gpu/gpu_device.cc:1053] Created TensorFlow device (/job:localhost/replica:0/task:0/device:GPU:1 with 1272 MB memory) -> physical GPU (device: 1, name: GeForce GTX 750 Ti, pci bus id: 0000:07:00.0, compute capability: 5.0)
start initialization !!
graph initialization done !! Time taken:  12.053572654724121 seconds.
start training !!
start from step :  225500
Model restoring.
Model restored.
225500 : t2:  0.293549582362175
225600 : t2:  0.29423652589321136
225700 : t2:  0.29359765350818634
225800 : t2:  0.2942498028278351
225900 : t2:  0.2945544272661209
226000 : t2:  0.29563553631305695
226100 : t2:  0.2913043349981308
epoch finish
restart counter
226200 : t2:  0.2936294674873352
226300 : t2:  0.294213205575943
226400 : t2:  0.29364417493343353
226500 : t2:  0.2942039519548416
226600 : t2:  0.29454711079597473
226700 : t2:  0.2955888509750366
226800 : t2:  0.29127952456474304
226900 : t2:  0.2913726717233658
227000 : t2:  0.28949177265167236
227100 : t2:  0.29112662374973297
227200 : t2:  0.29241466522216797
epoch finish
epoch finish
227300 : t2:  0.29292309284210205
227400 : t2:  0.290872186422348
227500 : t2:  0.2890792787075043
227600 : t2:  0.2887120246887207
227700 : t2:  0.2875630855560303
227800 : t2:  0.2912210673093796
227900 : t2:  0.29060961306095123
228000 : t2:  0.29101090133190155
228100 : t2:  0.287879541516304
228200 : t2:  0.28828349709510803
228300 : t2:  0.2851104885339737
epoch finish
epoch finish
228400 : t2:  0.2904481887817383
228500 : t2:  0.28993967175483704
228600 : t2:  0.29125435650348663
228700 : t2:  0.28665876388549805
228800 : t2:  0.2873404771089554
228900 : t2:  0.2873271405696869
229000 : t2:  0.28812409937381744
229100 : t2:  0.28996552526950836
229200 : t2:  0.29075317084789276
229300 : t2:  0.29283811151981354
229400 : t2:  0.2945157587528229
epoch finish
epoch finish
229500 : t2:  0.29309412837028503
229600 : t2:  0.2943369299173355
229700 : t2:  0.29472988843917847
229800 : t2:  0.2952423542737961
229900 : t2:  0.29269011318683624
230000 : t2:  0.2912801653146744
230100 : t2:  0.29013317823410034
230200 : t2:  0.2900984287261963
230300 : t2:  0.2925780266523361
230400 : t2:  0.29218055307865143
230500 : t2:  0.2923693060874939
230600 : t2:  0.28868305683135986
epoch finish
epoch finish
230700 : t2:  0.2893403172492981
230800 : t2:  0.28631560504436493
230900 : t2:  0.29136325418949127
231000 : t2:  0.2904987782239914
231100 : t2:  0.29231491684913635
231200 : t2:  0.28684383630752563
231300 : t2:  0.28803300857543945
231400 : t2:  0.28722481429576874
231500 : t2:  0.288244366645813
231600 : t2:  0.29013270139694214
231700 : t2:  0.2909829169511795
epoch finish
epoch finish
231800 : t2:  0.2878677397966385
231900 : t2:  0.2874227911233902
232000 : t2:  0.2868294268846512
232100 : t2:  0.28788767755031586
232200 : t2:  0.29004983603954315
232300 : t2:  0.2901667654514313
232400 : t2:  0.2922712117433548
232500 : t2:  0.2944767326116562
232600 : t2:  0.2933911681175232
232700 : t2:  0.29377904534339905
232800 : t2:  0.2948700338602066
epoch finish
epoch finish
232900 : t2:  0.2948785871267319
233000 : t2:  0.29409652948379517
233100 : t2:  0.2907871901988983
233200 : t2:  0.29088130593299866
233300 : t2:  0.2889823168516159
233400 : t2:  0.292874351143837
233500 : t2:  0.2920757532119751
233600 : t2:  0.2937076687812805
233700 : t2:  0.28789229691028595
233800 : t2:  0.2890639007091522
233900 : t2:  0.28819434344768524
epoch finish
epoch finish
234000 : t2:  0.28942812979221344
234100 : t2:  0.29060137271881104
234200 : t2:  0.29204270243644714
234300 : t2:  0.2883799970149994
234400 : t2:  0.28809334337711334
234500 : t2:  0.28676287829875946
234600 : t2:  0.28792504966259
234700 : t2:  0.2905191034078598
234800 : t2:  0.2903223931789398
234900 : t2:  0.28900448977947235
235000 : t2:  0.2870412915945053
235100 : t2:  0.28802426159381866
epoch finish
epoch finish
235200 : t2:  0.28653061389923096
235300 : t2:  0.2901753932237625
235400 : t2:  0.2898130416870117
235500 : t2:  0.2913805693387985
235600 : t2:  0.29413288831710815
235700 : t2:  0.2940506339073181
235800 : t2:  0.2933141589164734
235900 : t2:  0.2949306219816208
236000 : t2:  0.29465092718601227
236100 : t2:  0.2955354005098343
236200 : t2:  0.2901550233364105
epoch finish
epoch finish
236300 : t2:  0.29095086455345154
236400 : t2:  0.2901613265275955
236500 : t2:  0.291450172662735
236600 : t2:  0.2918631285429001
236700 : t2:  0.29349592328071594
236800 : t2:  0.28943516314029694
236900 : t2:  0.2892228364944458
237000 : t2:  0.2876180112361908
237100 : t2:  0.28901778161525726
237200 : t2:  0.2910544127225876
237300 : t2:  0.2912193685770035
epoch finish
epoch finish
237400 : t2:  0.2897975295782089
237500 : t2:  0.2877056896686554
237600 : t2:  0.28816117346286774
237700 : t2:  0.2864188551902771
237800 : t2:  0.29047150909900665
237900 : t2:  0.2898598313331604
238000 : t2:  0.28995174169540405
238100 : t2:  0.2878831624984741
238200 : t2:  0.2874937951564789
238300 : t2:  0.28516389429569244
238400 : t2:  0.2902875393629074
epoch finish
epoch finish
238500 : t2:  0.2896992713212967
238600 : t2:  0.2907295823097229
238700 : t2:  0.2941346913576126
238800 : t2:  0.29577119648456573
238900 : t2:  0.2957379221916199
239000 : t2:  0.2955141216516495
239100 : t2:  0.29531143605709076
239200 : t2:  0.29678910970687866
239300 : t2:  0.2924126237630844
239400 : t2:  0.29290926456451416
239500 : t2:  0.2935371547937393
239600 : t2:  0.29253578186035156
epoch finish
epoch finish
239700 : t2:  0.293376088142395
239800 : t2:  0.2944396138191223
239900 : t2:  0.29273977875709534
240000 : t2:  0.2894154340028763
240100 : t2:  0.292182058095932
240200 : t2:  0.2904907912015915
240300 : t2:  0.29184921085834503
240400 : t2:  0.29276831448078156
240500 : t2:  0.2925165146589279
240600 : t2:  0.2885817140340805
240700 : t2:  0.2902720421552658
epoch finish
epoch finish
240800 : t2:  0.28902602195739746
240900 : t2:  0.29118356108665466
241000 : t2:  0.29136519134044647
241100 : t2:  0.2922925502061844
241200 : t2:  0.28743939101696014
241300 : t2:  0.2892053425312042
241400 : t2:  0.2910032272338867
241500 : t2:  0.28893813490867615
241600 : t2:  0.29126448929309845
241700 : t2:  0.29135674238204956
241800 : t2:  0.29321911931037903
epoch finish
epoch finish
241900 : t2:  0.29491305351257324
242000 : t2:  0.29503460228443146
242100 : t2:  0.295074462890625
242200 : t2:  0.2951682358980179
242300 : t2:  0.2963981330394745
242400 : t2:  0.29381194710731506
242500 : t2:  0.29155300557613373
242600 : t2:  0.29228584468364716
242700 : t2:  0.29195550084114075
242800 : t2:  0.29319940507411957
242900 : t2:  0.2937374413013458
epoch finish
epoch finish
243000 : t2:  0.29372628033161163
243100 : t2:  0.2892804443836212
243200 : t2:  0.29069727659225464
243300 : t2:  0.28927719593048096
243400 : t2:  0.2919851243495941
243500 : t2:  0.29177770018577576
243600 : t2:  0.29345273971557617
243700 : t2:  0.2874613106250763
243800 : t2:  0.28922297060489655
243900 : t2:  0.2906191945075989
244000 : t2:  0.2889276295900345
244100 : t2:  0.29108665883541107
epoch finish
epoch finish
244200 : t2:  0.2916985750198364
244300 : t2:  0.2886289358139038
244400 : t2:  0.28773537278175354
244500 : t2:  0.290755033493042
244600 : t2:  0.2882443219423294
244700 : t2:  0.29051992297172546
244800 : t2:  0.29112036526203156
244900 : t2:  0.2928434908390045
245000 : t2:  0.29455529153347015
245100 : t2:  0.2939765006303787
245200 : t2:  0.29481007158756256
epoch finish
epoch finish
245300 : t2:  0.295239195227623
245400 : t2:  0.295675128698349
245500 : t2:  0.2950536757707596
245600 : t2:  0.29126933217048645
245700 : t2:  0.2917172759771347
245800 : t2:  0.2908754050731659
245900 : t2:  0.2935260087251663
246000 : t2:  0.29297739267349243
246100 : t2:  0.2950455993413925
246200 : t2:  0.2883045971393585
246300 : t2:  0.28994177281856537
epoch finish
epoch finish
246400 : t2:  0.2904735952615738
246500 : t2:  0.2899077981710434
246600 : t2:  0.29145967960357666
246700 : t2:  0.292940154671669
246800 : t2:  0.28893740475177765
246900 : t2:  0.2883320450782776
247000 : t2:  0.2896788716316223
247100 : t2:  0.2884063422679901
247200 : t2:  0.29087531566619873
247300 : t2:  0.2913891673088074
247400 : t2:  0.28965437412261963
epoch finish
epoch finish
247500 : t2:  0.28692273795604706
247600 : t2:  0.28961165249347687
247700 : t2:  0.2880730926990509
247800 : t2:  0.2903635948896408
247900 : t2:  0.2907326817512512
248000 : t2:  0.29194532334804535
248100 : t2:  0.29415546357631683
248200 : t2:  0.2940177470445633
248300 : t2:  0.29324330389499664
248400 : t2:  0.29512570798397064
248500 : t2:  0.294720858335495
248600 : t2:  0.29560039937496185
epoch finish
epoch finish
248700 : t2:  0.2902173101902008
248800 : t2:  0.29098738729953766
248900 : t2:  0.29031650722026825
249000 : t2:  0.29182977974414825
249100 : t2:  0.29184623062610626
249200 : t2:  0.29373233020305634
249300 : t2:  0.28965574502944946
249400 : t2:  0.2893466353416443
249500 : t2:  0.2877661883831024
249600 : t2:  0.2891944646835327
249700 : t2:  0.2910222262144089
epoch finish
epoch finish
249800 : t2:  0.2913975715637207
249900 : t2:  0.28996238112449646
250000 : t2:  0.2875324934720993
250100 : t2:  0.28829480707645416
250200 : t2:  0.2867536395788193
250300 : t2:  0.29072442650794983
250400 : t2:  0.28990763425827026
250500 : t2:  0.2902732342481613
250600 : t2:  0.2878124415874481
250700 : t2:  0.2873828709125519
250800 : t2:  0.28542378544807434
epoch finish
epoch finish
250900 : t2:  0.29044029116630554
251000 : t2:  0.2896551638841629
251100 : t2:  0.29082250595092773
251200 : t2:  0.2936570793390274
251300 : t2:  0.29425881803035736
251400 : t2:  0.29369066655635834
251500 : t2:  0.294332355260849
251600 : t2:  0.2944933921098709
